<?xml version="1.0" encoding="UTF-8"?>
<!-- Generated by org.testng.reporters.JUnitReportReporter -->
<testsuite hostname="DESKTOP-DP1UUO0" failures="0" tests="1" name="in.akbar.testcases.TC002_LoginTest" time="1.584" errors="0" timestamp="2024-09-24T08:01:18 IST" skipped="0">
  <testcase classname="in.akbar.testcases.TC002_LoginTest" name="verifyMessageVisibility" time="1.584"/>
</testsuite> <!-- in.akbar.testcases.TC002_LoginTest -->
