<?xml version="1.0" encoding="UTF-8"?>
<!-- Generated by org.testng.reporters.JUnitReportReporter -->
<testsuite hostname="DESKTOP-DP1UUO0" failures="0" tests="6" name="in.akbar.testcases.TC003_LoginDataDrivenTest" time="16.865" errors="0" timestamp="2024-09-05T14:00:09 IST" skipped="0">
  <testcase classname="in.akbar.testcases.TC003_LoginDataDrivenTest" name="verifyLoginDDTest" time="1.786"/>
  <testcase classname="in.akbar.testcases.TC003_LoginDataDrivenTest" name="verifyLoginDDTest" time="2.112"/>
  <testcase classname="in.akbar.testcases.TC003_LoginDataDrivenTest" name="verifyLoginDDTest" time="1.659"/>
  <testcase classname="in.akbar.testcases.TC003_LoginDataDrivenTest" name="verifyLoginDDTest" time="2.289"/>
  <testcase classname="in.akbar.testcases.TC003_LoginDataDrivenTest" name="verifyLoginDDTest" time="6.051"/>
  <testcase classname="in.akbar.testcases.TC003_LoginDataDrivenTest" name="verifyLoginDDTest" time="2.968"/>
</testsuite> <!-- in.akbar.testcases.TC003_LoginDataDrivenTest -->
