<?xml version="1.0" encoding="UTF-8"?>
<!-- Generated by org.testng.reporters.JUnitReportReporter -->
<testsuite hostname="DESKTOP-DP1UUO0" failures="0" tests="1" name="in.akbar.testcases.TC001_AccountRegistrationTest" time="2.689" errors="0" timestamp="2024-09-24T08:01:18 IST" skipped="0">
  <testcase classname="in.akbar.testcases.TC001_AccountRegistrationTest" name="verify_account_registration" time="2.689"/>
</testsuite> <!-- in.akbar.testcases.TC001_AccountRegistrationTest -->
